
[Incubating] Problems report is available at: file:///workspace/NewBlackbox/build/reports/problems/problems-report.html

FAILURE: Build failed with an exception.

* Where:
Build file '/workspace/NewBlackbox/build.gradle' line: 2

* What went wrong:
Plugin [id: 'com.android.application', version: '8.13.2', apply: false] was not found in any of the following sources:

- Gradle Core Plugins (plugin is not in 'org.gradle' namespace)
- Included Builds (No included builds contain this plugin)
- Plugin Repositories (could not resolve plugin artifact 'com.android.application:com.android.application.gradle.plugin:8.13.2')
  Searched in the following repositories:
    maven(https://www.jitpack.io)
    maven2(https://maven.aliyun.com/repository/releases)
    maven3(https://maven.aliyun.com/repository/google)
    maven4(https://maven.aliyun.com/repository/central)
    maven5(https://maven.aliyun.com/repository/gradle-plugin)
    maven6(https://maven.aliyun.com/repository/public)
    Google
    MavenRepo
    Gradle Central Plugin Repository

* Try:
> Run with --stacktrace option to get the stack trace.
> Run with --info or --debug option to get more log output.
> Run with --scan to get full insights.
> Get more help at https://help.gradle.org.

Deprecated Gradle features were used in this build, making it incompatible with Gradle 9.0.

You can use '--warning-mode all' to show the individual deprecation warnings and determine if they come from your own scripts or plugins.

For more on this, please refer to https://docs.gradle.org/8.13/userguide/command_line_interface.html#sec:command_line_warnings in the Gradle documentation.

BUILD FAILED in 1s
